{"level":"debug","ts":1587035928291,"caller":"v9service/service.go:42","msg":"[9d96bc44-4bad-5ee4-be50-12c40aef77ca]","调用 v9_service Service":"Login 处理请求"}
{"level":"debug","ts":1587035928292,"caller":"v9service/middleware_log.go:35","msg":"[9d96bc44-4bad-5ee4-be50-12c40aef77ca]","调用 Login logMiddlewareServer":"Login","req":"Account:\"liangjisheng\" Password:\"123456\" ","res":"<nil>","err":"服务器运行错误"}
{"level":"debug","ts":1587035928292,"caller":"v9endpoint/middleware.go:23","msg":"[9d96bc44-4bad-5ee4-be50-12c40aef77ca]","调用 v9_endpoint LoggingMiddleware":"处理完请求","耗时毫秒":1}
{"level":"debug","ts":1587036872476,"caller":"v9service/service.go:42","msg":"[b8381a0f-1d29-5a35-93a7-abea25c3eeb2]","调用 v9_service Service":"Login 处理请求"}
{"level":"debug","ts":1587036872477,"caller":"v9service/service.go:60","msg":"[b8381a0f-1d29-5a35-93a7-abea25c3eeb2]","调用 v9_service Service":"Login 处理请求","处理返回值":"Token:\"eyJhbGciOiJIUzI1NiIsInR5cCI6IkpXVCJ9.eyJOYW1lIjoibGlhbmdqaXNoZW5nIiwiRGNJRCI6MSwiZXhwIjoxNTg3MDM2OTAyLCJpYXQiOjE1ODcwMzY4NzIsImlzcyI6ImdvLWtpdC12OSIsIm5iZiI6MTU4NzAzNjg3Miwic3ViIjoibG9naW4ifQ.olSXBlNBqZVyMfkt8dUNpRs3SSBhUd0HAOAX5uxdC54\" "}
{"level":"debug","ts":1587036872477,"caller":"v9service/middleware_log.go:35","msg":"[b8381a0f-1d29-5a35-93a7-abea25c3eeb2]","调用 Login logMiddlewareServer":"Login","req":"Account:\"liangjisheng\" Password:\"123456\" ","res":"Token:\"eyJhbGciOiJIUzI1NiIsInR5cCI6IkpXVCJ9.eyJOYW1lIjoibGlhbmdqaXNoZW5nIiwiRGNJRCI6MSwiZXhwIjoxNTg3MDM2OTAyLCJpYXQiOjE1ODcwMzY4NzIsImlzcyI6ImdvLWtpdC12OSIsIm5iZiI6MTU4NzAzNjg3Miwic3ViIjoibG9naW4ifQ.olSXBlNBqZVyMfkt8dUNpRs3SSBhUd0HAOAX5uxdC54\" ","err":null}
{"level":"debug","ts":1587036872477,"caller":"v9endpoint/middleware.go:23","msg":"[b8381a0f-1d29-5a35-93a7-abea25c3eeb2]","调用 v9_endpoint LoggingMiddleware":"处理完请求","耗时毫秒":1}
{"level":"debug","ts":1587037473038,"caller":"v9service/service.go:42","msg":"[88946b9f-3f15-5a5c-b5db-5ab1c7c8d2a2]","调用 v9_service Service":"Login 处理请求"}
{"level":"debug","ts":1587037473038,"caller":"v9service/service.go:60","msg":"[88946b9f-3f15-5a5c-b5db-5ab1c7c8d2a2]","调用 v9_service Service":"Login 处理请求","处理返回值":"Token:\"eyJhbGciOiJIUzI1NiIsInR5cCI6IkpXVCJ9.eyJOYW1lIjoibGlhbmdqaXNoZW5nIiwiRGNJRCI6MSwiZXhwIjoxNTg3MDM3NTAzLCJpYXQiOjE1ODcwMzc0NzMsImlzcyI6ImdvLWtpdC12OSIsIm5iZiI6MTU4NzAzNzQ3Mywic3ViIjoibG9naW4ifQ.x_DGge18FZY4b04tn8p_Yv7-OrZ5cCaISL2gPreVgBs\" "}
{"level":"debug","ts":1587037473038,"caller":"v9service/middleware_log.go:35","msg":"[88946b9f-3f15-5a5c-b5db-5ab1c7c8d2a2]","调用 Login logMiddlewareServer":"Login","req":"Account:\"liangjisheng\" Password:\"123456\" ","res":"Token:\"eyJhbGciOiJIUzI1NiIsInR5cCI6IkpXVCJ9.eyJOYW1lIjoibGlhbmdqaXNoZW5nIiwiRGNJRCI6MSwiZXhwIjoxNTg3MDM3NTAzLCJpYXQiOjE1ODcwMzc0NzMsImlzcyI6ImdvLWtpdC12OSIsIm5iZiI6MTU4NzAzNzQ3Mywic3ViIjoibG9naW4ifQ.x_DGge18FZY4b04tn8p_Yv7-OrZ5cCaISL2gPreVgBs\" ","err":null}
{"level":"debug","ts":1587037473039,"caller":"v9endpoint/middleware.go:23","msg":"[88946b9f-3f15-5a5c-b5db-5ab1c7c8d2a2]","调用 v9_endpoint LoggingMiddleware":"处理完请求","耗时毫秒":1}
{"level":"debug","ts":1587038604167,"caller":"v9service/service.go:42","msg":"[fb671e5a-9335-541a-a808-1316d54522ef]","调用 v9_service Service":"Login 处理请求"}
{"level":"debug","ts":1587038604167,"caller":"v9service/service.go:60","msg":"[fb671e5a-9335-541a-a808-1316d54522ef]","调用 v9_service Service":"Login 处理请求","处理返回值":"Token:\"eyJhbGciOiJIUzI1NiIsInR5cCI6IkpXVCJ9.eyJOYW1lIjoibGlhbmdqaXNoZW5nIiwiRGNJRCI6MSwiZXhwIjoxNTg3MDM4NjM0LCJpYXQiOjE1ODcwMzg2MDQsImlzcyI6ImdvLWtpdC12OSIsIm5iZiI6MTU4NzAzODYwNCwic3ViIjoibG9naW4ifQ.t0jYhF1xq0MbSIDCYKCe5UJvqICiNMKAkdniC7ggNbo\" "}
{"level":"debug","ts":1587038604167,"caller":"v9service/middleware_log.go:35","msg":"[fb671e5a-9335-541a-a808-1316d54522ef]","调用 Login logMiddlewareServer":"Login","req":"Account:\"liangjisheng\" Password:\"123456\" ","res":"Token:\"eyJhbGciOiJIUzI1NiIsInR5cCI6IkpXVCJ9.eyJOYW1lIjoibGlhbmdqaXNoZW5nIiwiRGNJRCI6MSwiZXhwIjoxNTg3MDM4NjM0LCJpYXQiOjE1ODcwMzg2MDQsImlzcyI6ImdvLWtpdC12OSIsIm5iZiI6MTU4NzAzODYwNCwic3ViIjoibG9naW4ifQ.t0jYhF1xq0MbSIDCYKCe5UJvqICiNMKAkdniC7ggNbo\" ","err":null}
{"level":"debug","ts":1587038604167,"caller":"v9endpoint/middleware.go:23","msg":"[fb671e5a-9335-541a-a808-1316d54522ef]","调用 v9_endpoint LoggingMiddleware":"处理完请求","耗时毫秒":0}
{"level":"debug","ts":1587038900635,"caller":"v9service/service.go:42","msg":"[313e17dd-928b-5a5f-a4b8-69645443e217]","调用 v9_service Service":"Login 处理请求"}
{"level":"debug","ts":1587038900635,"caller":"v9service/service.go:60","msg":"[313e17dd-928b-5a5f-a4b8-69645443e217]","调用 v9_service Service":"Login 处理请求","处理返回值":"Token:\"eyJhbGciOiJIUzI1NiIsInR5cCI6IkpXVCJ9.eyJOYW1lIjoibGlhbmdqaXNoZW5nIiwiRGNJRCI6MSwiZXhwIjoxNTg3MDM4OTMwLCJpYXQiOjE1ODcwMzg5MDAsImlzcyI6ImdvLWtpdC12OSIsIm5iZiI6MTU4NzAzODkwMCwic3ViIjoibG9naW4ifQ.e8e4bUY6dz7bJoqHkbkcTZMKbDFT0cFxup0bdf1k68U\" "}
{"level":"debug","ts":1587038900635,"caller":"v9service/middleware_log.go:35","msg":"[313e17dd-928b-5a5f-a4b8-69645443e217]","调用 Login logMiddlewareServer":"Login","req":"Account:\"liangjisheng\" Password:\"123456\" ","res":"Token:\"eyJhbGciOiJIUzI1NiIsInR5cCI6IkpXVCJ9.eyJOYW1lIjoibGlhbmdqaXNoZW5nIiwiRGNJRCI6MSwiZXhwIjoxNTg3MDM4OTMwLCJpYXQiOjE1ODcwMzg5MDAsImlzcyI6ImdvLWtpdC12OSIsIm5iZiI6MTU4NzAzODkwMCwic3ViIjoibG9naW4ifQ.e8e4bUY6dz7bJoqHkbkcTZMKbDFT0cFxup0bdf1k68U\" ","err":null}
{"level":"debug","ts":1587038900635,"caller":"v9endpoint/middleware.go:23","msg":"[313e17dd-928b-5a5f-a4b8-69645443e217]","调用 v9_endpoint LoggingMiddleware":"处理完请求","耗时毫秒":0}
{"level":"debug","ts":1587048895363,"caller":"v10service/service.go:42","msg":"[f8abd1da-036f-50e7-a022-76ac8f83c284]","调用 v10_service Service":"Login 处理请求"}
{"level":"debug","ts":1587048895363,"caller":"v10service/service.go:60","msg":"[f8abd1da-036f-50e7-a022-76ac8f83c284]","调用 v10_service Service":"Login 处理请求","处理返回值":"Token:\"eyJhbGciOiJIUzI1NiIsInR5cCI6IkpXVCJ9.eyJOYW1lIjoibGlhbmdqaXNoZW5nIiwiRGNJRCI6MSwiZXhwIjoxNTg3MDQ4OTI1LCJpYXQiOjE1ODcwNDg4OTUsImlzcyI6ImdvLWtpdC12OSIsIm5iZiI6MTU4NzA0ODg5NSwic3ViIjoibG9naW4ifQ.vLqDGMcKZXue3IOdvVaz2AVNJdNIksPBothh600HgWw\" "}
{"level":"debug","ts":1587048895363,"caller":"v10service/middleware_log.go:35","msg":"[f8abd1da-036f-50e7-a022-76ac8f83c284]","调用 Login logMiddlewareServer":"Login","req":"Account:\"liangjisheng\" Password:\"123456\" ","res":"Token:\"eyJhbGciOiJIUzI1NiIsInR5cCI6IkpXVCJ9.eyJOYW1lIjoibGlhbmdqaXNoZW5nIiwiRGNJRCI6MSwiZXhwIjoxNTg3MDQ4OTI1LCJpYXQiOjE1ODcwNDg4OTUsImlzcyI6ImdvLWtpdC12OSIsIm5iZiI6MTU4NzA0ODg5NSwic3ViIjoibG9naW4ifQ.vLqDGMcKZXue3IOdvVaz2AVNJdNIksPBothh600HgWw\" ","err":null}
{"level":"debug","ts":1587048895363,"caller":"v10endpoint/middleware.go:23","msg":"[f8abd1da-036f-50e7-a022-76ac8f83c284]","调用 v10_endpoint LoggingMiddleware":"处理完请求","耗时毫秒":0}
