{"level":"debug","ts":1583499590584,"caller":"v3transport/transport.go:29","msg":"给请求添加uuid","UUID":"6feac00a-23b9-584b-b52d-a1cc0ad05041"}
{"level":"debug","ts":1583499590585,"caller":"v3transport/transport.go:32","msg":"把请求中的token发到Context中","Token":""}
{"level":"debug","ts":1583499590585,"caller":"v3transport/transport.go:59","msg":"6feac00a-23b9-584b-b52d-a1cc0ad05041"," 开始解析请求数据":{"account":"hwholiday","password":"123456"}}
{"level":"debug","ts":1583499590586,"caller":"v3service/service.go:42","msg":"6feac00a-23b9-584b-b52d-a1cc0ad05041","调用 v3_service Service":"Login 处理请求"}
{"level":"debug","ts":1583499590586,"caller":"v3service/middleware.go:41","msg":"6feac00a-23b9-584b-b52d-a1cc0ad05041","调用 Login logMiddlewareServer":"Login","req":{"account":"hwholiday","password":"123456"},"res":{"token":""},"err":"用户信息错误"}
{"level":"debug","ts":1583499590586,"caller":"v3endpoint/middleware.go:21","msg":"6feac00a-23b9-584b-b52d-a1cc0ad05041","调用 v3_endpoint LoggingMiddleware":"处理完请求","耗时毫秒":0}
{"level":"debug","ts":1583499603170,"caller":"v3transport/transport.go:29","msg":"给请求添加uuid","UUID":"5f6dde65-e24c-5913-9c31-dd945f0a9588"}
{"level":"debug","ts":1583499603170,"caller":"v3transport/transport.go:32","msg":"把请求中的token发到Context中","Token":""}
{"level":"debug","ts":1583499603170,"caller":"v3transport/transport.go:59","msg":"5f6dde65-e24c-5913-9c31-dd945f0a9588"," 开始解析请求数据":{"account":"liangjisheng","password":"123456"}}
{"level":"debug","ts":1583499603171,"caller":"v3service/service.go:42","msg":"5f6dde65-e24c-5913-9c31-dd945f0a9588","调用 v3_service Service":"Login 处理请求"}
{"level":"debug","ts":1583499603172,"caller":"v3service/service.go:48","msg":"5f6dde65-e24c-5913-9c31-dd945f0a9588","调用 v3_service Service":"Login 处理请求","处理返回值":{"token":"eyJhbGciOiJIUzI1NiIsInR5cCI6IkpXVCJ9.eyJOYW1lIjoibGlhbmdqaXNoZW5nIiwiRGNJRCI6MSwiZXhwIjoxNTgzNDk5NjMzLCJpYXQiOjE1ODM0OTk2MDMsImlzcyI6ImdvLWtpdC12MyIsIm5iZiI6MTU4MzQ5OTYwMywic3ViIjoibG9naW4ifQ.gK_77jSA4j0YtZevlnhkwC91iV5QBwhol8w-UVHYk3A"}}
{"level":"debug","ts":1583499603172,"caller":"v3service/middleware.go:41","msg":"5f6dde65-e24c-5913-9c31-dd945f0a9588","调用 Login logMiddlewareServer":"Login","req":{"account":"liangjisheng","password":"123456"},"res":{"token":"eyJhbGciOiJIUzI1NiIsInR5cCI6IkpXVCJ9.eyJOYW1lIjoibGlhbmdqaXNoZW5nIiwiRGNJRCI6MSwiZXhwIjoxNTgzNDk5NjMzLCJpYXQiOjE1ODM0OTk2MDMsImlzcyI6ImdvLWtpdC12MyIsIm5iZiI6MTU4MzQ5OTYwMywic3ViIjoibG9naW4ifQ.gK_77jSA4j0YtZevlnhkwC91iV5QBwhol8w-UVHYk3A"},"err":null}
{"level":"debug","ts":1583499603173,"caller":"v3endpoint/middleware.go:21","msg":"5f6dde65-e24c-5913-9c31-dd945f0a9588","调用 v3_endpoint LoggingMiddleware":"处理完请求","耗时毫秒":1}
{"level":"debug","ts":1583499603173,"caller":"v3transport/transport.go:78","msg":"5f6dde65-e24c-5913-9c31-dd945f0a9588","请求结束封装返回值":{"token":"eyJhbGciOiJIUzI1NiIsInR5cCI6IkpXVCJ9.eyJOYW1lIjoibGlhbmdqaXNoZW5nIiwiRGNJRCI6MSwiZXhwIjoxNTgzNDk5NjMzLCJpYXQiOjE1ODM0OTk2MDMsImlzcyI6ImdvLWtpdC12MyIsIm5iZiI6MTU4MzQ5OTYwMywic3ViIjoibG9naW4ifQ.gK_77jSA4j0YtZevlnhkwC91iV5QBwhol8w-UVHYk3A"}}
{"level":"debug","ts":1583499732436,"caller":"v3transport/transport.go:29","msg":"给请求添加uuid","UUID":"bc40028d-2eab-5aaf-a468-47b7344b2da0"}
{"level":"debug","ts":1583499732436,"caller":"v3transport/transport.go:32","msg":"把请求中的token发到Context中","Token":""}
{"level":"debug","ts":1583499753420,"caller":"v3transport/transport.go:29","msg":"给请求添加uuid","UUID":"ba8cf09b-ac89-5131-9ef4-1dc3d3b5af01"}
{"level":"debug","ts":1583499753420,"caller":"v3transport/transport.go:32","msg":"把请求中的token发到Context中","Token":"eyJhbGciOiJIUzI1NiIsInR5cCI6IkpXVCJ9.eyJOYW1lIjoibGlhbmdqaXNoZW5nIiwiRGNJRCI6MSwiZXhwIjoxNTgzNDk5NjMzLCJpYXQiOjE1ODM0OTk2MDMsImlzcyI6ImdvLWtpdC12MyIsIm5iZiI6MTU4MzQ5OTYwMywic3ViIjoibG9naW4ifQ.gK_77jSA4j0YtZevlnhkwC91iV5QBwhol8w-UVHYk3A"}
{"level":"debug","ts":1583499753421,"caller":"v3transport/transport.go:73","msg":"ba8cf09b-ac89-5131-9ef4-1dc3d3b5af01"," 开始解析请求数据":{"a":1,"b":1}}
{"level":"debug","ts":1583499753423,"caller":"v3endpoint/middleware.go:40","msg":"ba8cf09b-ac89-5131-9ef4-1dc3d3b5af01","[AuthMiddleware]":"ParseToken","error":"Token is expired"}
{"level":"debug","ts":1583499760872,"caller":"v3transport/transport.go:29","msg":"给请求添加uuid","UUID":"41ba338a-8397-5a40-bdd6-4b329559c8b3"}
{"level":"debug","ts":1583499760873,"caller":"v3transport/transport.go:32","msg":"把请求中的token发到Context中","Token":""}
{"level":"debug","ts":1583499760873,"caller":"v3transport/transport.go:59","msg":"41ba338a-8397-5a40-bdd6-4b329559c8b3"," 开始解析请求数据":{"account":"liangjisheng","password":"123456"}}
{"level":"debug","ts":1583499760873,"caller":"v3service/service.go:42","msg":"41ba338a-8397-5a40-bdd6-4b329559c8b3","调用 v3_service Service":"Login 处理请求"}
{"level":"debug","ts":1583499760874,"caller":"v3service/service.go:48","msg":"41ba338a-8397-5a40-bdd6-4b329559c8b3","调用 v3_service Service":"Login 处理请求","处理返回值":{"token":"eyJhbGciOiJIUzI1NiIsInR5cCI6IkpXVCJ9.eyJOYW1lIjoibGlhbmdqaXNoZW5nIiwiRGNJRCI6MSwiZXhwIjoxNTgzNDk5NzkwLCJpYXQiOjE1ODM0OTk3NjAsImlzcyI6ImdvLWtpdC12MyIsIm5iZiI6MTU4MzQ5OTc2MCwic3ViIjoibG9naW4ifQ.ZLDVfLs7t3Vt-5p73XgVgflbCW9mDQ8wVef2HVcMhhQ"}}
{"level":"debug","ts":1583499760875,"caller":"v3service/middleware.go:41","msg":"41ba338a-8397-5a40-bdd6-4b329559c8b3","调用 Login logMiddlewareServer":"Login","req":{"account":"liangjisheng","password":"123456"},"res":{"token":"eyJhbGciOiJIUzI1NiIsInR5cCI6IkpXVCJ9.eyJOYW1lIjoibGlhbmdqaXNoZW5nIiwiRGNJRCI6MSwiZXhwIjoxNTgzNDk5NzkwLCJpYXQiOjE1ODM0OTk3NjAsImlzcyI6ImdvLWtpdC12MyIsIm5iZiI6MTU4MzQ5OTc2MCwic3ViIjoibG9naW4ifQ.ZLDVfLs7t3Vt-5p73XgVgflbCW9mDQ8wVef2HVcMhhQ"},"err":null}
{"level":"debug","ts":1583499760876,"caller":"v3endpoint/middleware.go:21","msg":"41ba338a-8397-5a40-bdd6-4b329559c8b3","调用 v3_endpoint LoggingMiddleware":"处理完请求","耗时毫秒":2}
{"level":"debug","ts":1583499760876,"caller":"v3transport/transport.go:78","msg":"41ba338a-8397-5a40-bdd6-4b329559c8b3","请求结束封装返回值":{"token":"eyJhbGciOiJIUzI1NiIsInR5cCI6IkpXVCJ9.eyJOYW1lIjoibGlhbmdqaXNoZW5nIiwiRGNJRCI6MSwiZXhwIjoxNTgzNDk5NzkwLCJpYXQiOjE1ODM0OTk3NjAsImlzcyI6ImdvLWtpdC12MyIsIm5iZiI6MTU4MzQ5OTc2MCwic3ViIjoibG9naW4ifQ.ZLDVfLs7t3Vt-5p73XgVgflbCW9mDQ8wVef2HVcMhhQ"}}
{"level":"debug","ts":1583499776138,"caller":"v3transport/transport.go:29","msg":"给请求添加uuid","UUID":"e8cd0ba4-8942-5728-a957-257bc55fffbc"}
{"level":"debug","ts":1583499776138,"caller":"v3transport/transport.go:32","msg":"把请求中的token发到Context中","Token":"eyJhbGciOiJIUzI1NiIsInR5cCI6IkpXVCJ9.eyJOYW1lIjoibGlhbmdqaXNoZW5nIiwiRGNJRCI6MSwiZXhwIjoxNTgzNDk5NzkwLCJpYXQiOjE1ODM0OTk3NjAsImlzcyI6ImdvLWtpdC12MyIsIm5iZiI6MTU4MzQ5OTc2MCwic3ViIjoibG9naW4ifQ.ZLDVfLs7t3Vt-5p73XgVgflbCW9mDQ8wVef2HVcMhhQ"}
{"level":"debug","ts":1583499776140,"caller":"v3transport/transport.go:73","msg":"e8cd0ba4-8942-5728-a957-257bc55fffbc"," 开始解析请求数据":{"a":1,"b":1}}
{"level":"debug","ts":1583499776143,"caller":"v3service/service.go:35","msg":"e8cd0ba4-8942-5728-a957-257bc55fffbc","调用 v3_service Service":"TestAdd 处理请求","请求用户":"liangjisheng"}
{"level":"debug","ts":1583499776143,"caller":"v3service/service.go:37","msg":"e8cd0ba4-8942-5728-a957-257bc55fffbc","调用 v3_service Service":"TestAdd 处理请求","处理返回值":{"res":2}}
{"level":"debug","ts":1583499776143,"caller":"v3service/middleware.go:33","msg":"e8cd0ba4-8942-5728-a957-257bc55fffbc","调用 Login logMiddlewareServer":"TestAdd","req":{"a":1,"b":1},"res":{"res":2}}
{"level":"debug","ts":1583499776143,"caller":"v3endpoint/middleware.go:21","msg":"e8cd0ba4-8942-5728-a957-257bc55fffbc","调用 v3_endpoint LoggingMiddleware":"处理完请求","耗时毫秒":2}
{"level":"debug","ts":1583499776144,"caller":"v3transport/transport.go:78","msg":"e8cd0ba4-8942-5728-a957-257bc55fffbc","请求结束封装返回值":{"res":2}}
