2019-06-15 19:06:31.196	info	user-srv/main.go:24	micro.Action test ...
2019-06-15 19:06:31.198	info	user-srv/main.go:39	启动user-srv服务 ...
2019-06-15 19:06:31.198	info	log/log.go:14	Transport [http] Listening on [::]:34629
2019-06-15 19:06:31.198	info	log/log.go:14	Broker [http] Connected to [::]:46769
2019-06-15 19:06:31.199	info	log/log.go:14	Registry [mdns] Registering node: com.class.cinema.user-7da97f0b-e52e-4c7e-82cd-a1d4a32467fb
2019-06-15 19:06:31.200	info	user-srv/main.go:34	micro.AfterStart test ...
2019-06-15 19:20:43.751	info	user-srv/main.go:24	micro.Action test ...
2019-06-15 19:20:43.753	info	user-srv/main.go:39	启动user-srv服务 ...
2019-06-15 19:20:43.753	info	log/log.go:14	Transport [http] Listening on [::]:45813
2019-06-15 19:20:43.753	info	log/log.go:14	Broker [http] Connected to [::]:46317
2019-06-15 19:20:43.753	info	log/log.go:14	Registry [mdns] Registering node: com.class.cinema.user-000c6bf7-d703-4b58-a701-6b497cdb8c07
2019-06-15 19:20:43.754	info	user-srv/main.go:34	micro.AfterStart test ...
2019-06-15 19:21:04.672	info	UserHandler	handler/user.go:57	SelectUser ... 
2019-06-15 19:21:45.457	info	UserHandler	handler/user.go:57	SelectUser ... 
2019-06-16 10:33:36.671	info	user-srv/main.go:24	micro.Action test ...
2019-06-16 10:33:36.691	info	user-srv/main.go:39	启动user-srv服务 ...
2019-06-16 10:33:36.691	info	log/log.go:14	Transport [http] Listening on [::]:40267
2019-06-16 10:33:36.691	info	log/log.go:14	Broker [http] Connected to [::]:44819
2019-06-16 10:33:36.692	info	log/log.go:14	Registry [mdns] Registering node: com.class.cinema.user-3d88092a-60e5-420e-99d2-94bbd87ad460
2019-06-16 10:33:36.694	info	user-srv/main.go:34	micro.AfterStart test ...
2019-06-16 10:34:05.964	info	UserHandler	handler/user.go:57	SelectUser ... 
2019-06-16 10:44:08.095	info	handler/user.go:28	InsertUser ...
2019-06-16 10:44:30.126	info	UserHandler	handler/user.go:57	SelectUser ... 
2019-06-16 11:34:49.904	info	user-srv/main.go:24	micro.Action test ...
2019-06-16 11:34:49.908	info	user-srv/main.go:39	启动user-srv服务 ...
2019-06-16 11:34:49.908	info	log/log.go:14	Transport [http] Listening on [::]:41131
2019-06-16 11:34:49.908	info	log/log.go:14	Broker [http] Connected to [::]:41619
2019-06-16 11:34:49.909	info	log/log.go:14	Registry [mdns] Registering node: com.class.cinema.user-e5178c50-5d6b-4fd6-901a-4f78c527caf0
2019-06-16 11:34:49.912	info	user-srv/main.go:34	micro.AfterStart test ...
2019-06-16 11:38:37.447	info	UserHandler	handler/user.go:57	SelectUser ... 
2019-06-16 11:38:37.462	info	UserHandler	handler/user.go:57	SelectUser ... 
2019-06-16 11:38:56.490	info	UserHandler	handler/user.go:57	SelectUser ... 
2019-06-16 11:38:56.503	info	UserHandler	handler/user.go:57	SelectUser ... 
2019-06-16 11:44:32.467	info	UserHandler	handler/user.go:57	SelectUser ... 
2019-06-16 11:44:32.481	info	UserHandler	handler/user.go:57	SelectUser ... 
2019-06-16 11:50:22.498	info	user-srv/main.go:24	micro.Action test ...
2019-06-16 11:50:22.521	info	user-srv/main.go:39	启动user-srv服务 ...
2019-06-16 11:50:22.522	info	log/log.go:14	Transport [http] Listening on [::]:45831
2019-06-16 11:50:22.522	info	log/log.go:14	Broker [http] Connected to [::]:36293
2019-06-16 11:50:22.523	info	log/log.go:14	Registry [mdns] Registering node: com.class.cinema.user-b1e7e3a0-a2d8-4110-b48d-64ff58ef3414
2019-06-16 11:50:22.526	info	user-srv/main.go:34	micro.AfterStart test ...
2019-06-16 11:50:41.415	info	UserHandler	handler/user.go:58	SelectUser ... 
2019-06-16 11:50:41.416	info	UserHandler	handler/user.go:60	<nil>
2019-06-16 11:50:41.429	info	UserHandler	handler/user.go:58	SelectUser ... 
2019-06-16 11:50:41.431	info	UserHandler	handler/user.go:60	<nil>
2019-06-16 11:53:27.476	info	user-srv/main.go:24	micro.Action test ...
2019-06-16 11:53:27.478	info	user-srv/main.go:39	启动user-srv服务 ...
2019-06-16 11:53:27.479	info	log/log.go:14	Transport [http] Listening on [::]:36095
2019-06-16 11:53:27.479	info	log/log.go:14	Broker [http] Connected to [::]:43439
2019-06-16 11:53:27.480	info	log/log.go:14	Registry [mdns] Registering node: com.class.cinema.user-3c460332-fa63-4c26-bc16-efe23741f28c
2019-06-16 11:53:27.481	info	user-srv/main.go:34	micro.AfterStart test ...
2019-06-16 11:53:34.557	info	UserHandler	handler/user.go:58	SelectUser ... 
2019-06-16 11:53:34.557	info	UserHandler	handler/user.go:59	0
2019-06-16 11:53:34.571	info	UserHandler	handler/user.go:58	SelectUser ... 
2019-06-16 11:53:34.571	info	UserHandler	handler/user.go:59	0
2019-06-16 11:54:55.261	info	UserHandler	handler/user.go:58	SelectUser ... 
2019-06-16 11:54:55.261	info	UserHandler	handler/user.go:59	0
2019-06-16 11:54:55.275	info	UserHandler	handler/user.go:58	SelectUser ... 
2019-06-16 11:54:55.275	info	UserHandler	handler/user.go:59	0
2019-06-16 12:00:46.992	info	UserHandler	handler/user.go:58	SelectUser ... 
2019-06-16 12:00:46.992	info	UserHandler	handler/user.go:59	0
2019-06-16 12:00:47.006	info	UserHandler	handler/user.go:58	SelectUser ... 
2019-06-16 12:00:47.006	info	UserHandler	handler/user.go:59	0
2019-06-16 12:04:44.556	info	UserHandler	handler/user.go:58	SelectUser ... 
2019-06-16 12:04:44.557	info	UserHandler	handler/user.go:59	0
2019-06-16 12:04:44.571	info	UserHandler	handler/user.go:58	SelectUser ... 
2019-06-16 12:04:44.572	info	UserHandler	handler/user.go:59	0
2019-06-16 12:10:28.224	info	user-srv/main.go:24	micro.Action test ...
2019-06-16 12:10:28.226	info	user-srv/main.go:39	启动user-srv服务 ...
2019-06-16 12:10:28.226	info	log/log.go:14	Transport [http] Listening on [::]:36177
2019-06-16 12:10:28.226	info	log/log.go:14	Broker [http] Connected to [::]:46639
2019-06-16 12:10:28.227	info	log/log.go:14	Registry [mdns] Registering node: com.class.cinema.user-f67f73d1-4e52-47f1-8453-9750320097de
2019-06-16 12:10:28.229	info	user-srv/main.go:34	micro.AfterStart test ...
2019-06-16 12:50:18.941	info	user-srv/main.go:24	micro.Action test ...
2019-06-16 12:50:18.989	info	user-srv/main.go:39	启动user-srv服务 ...
2019-06-16 12:50:18.997	info	log/log.go:14	Transport [http] Listening on [::]:44567
2019-06-16 12:50:19.000	info	log/log.go:14	Broker [http] Connected to [::]:41231
2019-06-16 12:50:19.000	info	log/log.go:14	Registry [mdns] Registering node: com.class.cinema.user-f8128a05-5e0c-42ce-971a-e295cda20f4e
2019-06-16 12:50:19.002	info	user-srv/main.go:34	micro.AfterStart test ...
2019-06-16 12:51:29.149	info	UserHandler	handler/user.go:58	SelectUser ... 
2019-06-16 12:51:29.149	info	UserHandler	handler/user.go:59	0
2019-06-16 12:51:29.165	info	UserHandler	handler/user.go:61	<nil>
2019-06-16 12:54:00.499	info	UserHandler	handler/user.go:58	SelectUser ... 
2019-06-16 12:54:00.499	info	UserHandler	handler/user.go:59	0
2019-06-16 12:54:00.500	info	UserHandler	handler/user.go:61	<nil>
2019-06-16 12:54:00.514	info	UserHandler	handler/user.go:58	SelectUser ... 
2019-06-16 12:54:00.514	info	UserHandler	handler/user.go:59	0
2019-06-16 12:54:00.515	info	UserHandler	handler/user.go:61	<nil>
2019-06-16 12:55:15.681	info	UserHandler	handler/user.go:58	SelectUser ... 
2019-06-16 12:55:15.681	info	UserHandler	handler/user.go:59	0
2019-06-16 12:55:15.682	info	UserHandler	handler/user.go:61	<nil>
2019-06-16 12:56:20.462	info	UserHandler	handler/user.go:58	SelectUser ... 
2019-06-16 12:56:20.462	info	UserHandler	handler/user.go:59	0
2019-06-16 12:56:20.463	info	UserHandler	handler/user.go:61	<nil>
2019-06-16 13:08:51.461	info	UserHandler	handler/user.go:58	SelectUser ... 
2019-06-16 13:08:51.461	info	UserHandler	handler/user.go:59	1
2019-06-16 13:08:51.462	info	UserHandler	handler/user.go:61	&{0 ljs shanxi 1234567890}
2019-06-16 15:26:54.374	info	user-srv/main.go:24	micro.Action test ...
2019-06-16 15:26:54.393	info	user-srv/main.go:39	启动user-srv服务 ...
2019-06-16 15:26:54.394	info	log/log.go:14	Transport [http] Listening on [::]:43581
2019-06-16 15:26:54.394	info	log/log.go:14	Broker [http] Connected to [::]:43403
2019-06-16 15:26:54.395	info	log/log.go:14	Registry [consul] Registering node: com.class.cinema.user-1df210e7-9271-4de7-8ea2-df7e7473b7d1
2019-06-16 15:26:54.422	info	user-srv/main.go:34	micro.AfterStart test ...
